travel_func
"vaccination=no&vaccination_name=&first_name=Anna&last_name=Kashirina&passport_number=723362413&email=kashirina2000%40mail.ru&nhs_no=&tel=%2B79055010803&dateofbirth=29%2F04%2F1981&ethnicity=white&sex=Female&user_id=0&booking_id=119930"
1 form submitted call
2 registeration id : MOLUK100000
3 User form data Array
(
    [user_id] => 0
    [productID] => 119930
    [registrationID] => MOLUK100000
    [passport] => 723362413
    [orderID] => 0
    [first_name] => Anna
    [last_name] => Kashirina
    [email] => kashirina2000@mail.ru
    [nhs_no] => 
    [tel] => +79055010803
    [dateofbirth] => 29/04/1981
    [ethnicity] => white
    [sex] => Female
    [current_address1] => 
    [current_address2] => 
    [current_city] => 
    [current_city_post_code] => 
    [current_country] => 
    [isolate_address1] => 
    [isolate_address2] => 
    [isolate_city] => 
    [isolate_city_post_code] => 
    [isolate_country] => 
    [departure_date] => 
    [flight_num] => 
    [tp_city] => 
    [tp_country] => 
    [tp_airport] => 
    [final_arrival_date] => 
    [final_arrival_port] => 
    [final_arrival_city] => 
    [final_arrival_flightnum] => 
    [vaccination] => no
    [transit_stopover_data] => default
)

4 inserted id  111632
5 success  
-------------------------
